<?xml version="1.0" encoding="UTF-8"?>
<testsuites name="jest tests" tests="18" failures="0" errors="0" time="1.894">
  <testsuite name="Button" errors="0" failures="0" skipped="0" timestamp="2026-08-24T22:04:45" time="1.072" tests="7">
    <testcase classname="Button renders children correctly" name="Button renders children correctly" time="0.03">
    </testcase>
    <testcase classname="Button applies the correct variant class" name="Button applies the correct variant class" time="0.041">
    </testcase>
    <testcase classname="Button applies the correct size class" name="Button applies the correct size class" time="0.017">
    </testcase>
    <testcase classname="Button shows loading state" name="Button shows loading state" time="0.008">
    </testcase>
    <testcase classname="Button can be disabled" name="Button can be disabled" time="0.005">
    </testcase>
    <testcase classname="Button applies full width class" name="Button applies full width class" time="0.005">
    </testcase>
    <testcase classname="Button has no accessibility violations" name="Button has no accessibility violations" time="0.035">
    </testcase>
  </testsuite>
  <testsuite name="Design System Accessibility (WCAG 2.1 AA)" errors="0" failures="0" skipped="1" timestamp="2026-08-24T22:04:45" time="1.358" tests="11">
    <testcase classname="Design System Accessibility (WCAG 2.1 AA) Button Component should have no accessibility violations in default state" name="Design System Accessibility (WCAG 2.1 AA) Button Component should have no accessibility violations in default state" time="0.081">
    </testcase>
    <testcase classname="Design System Accessibility (WCAG 2.1 AA) Button Component should have no violations when disabled" name="Design System Accessibility (WCAG 2.1 AA) Button Component should have no violations when disabled" time="0.016">
    </testcase>
    <testcase classname="Design System Accessibility (WCAG 2.1 AA) Button Component should have no violations when loading" name="Design System Accessibility (WCAG 2.1 AA) Button Component should have no violations when loading" time="0">
      <skipped/>
    </testcase>
    <testcase classname="Design System Accessibility (WCAG 2.1 AA) Alert Component should have no accessibility violations" name="Design System Accessibility (WCAG 2.1 AA) Alert Component should have no accessibility violations" time="0.011">
    </testcase>
    <testcase classname="Design System Accessibility (WCAG 2.1 AA) Alert Component should have proper ARIA roles for different variants" name="Design System Accessibility (WCAG 2.1 AA) Alert Component should have proper ARIA roles for different variants" time="0.051">
    </testcase>
    <testcase classname="Design System Accessibility (WCAG 2.1 AA) Checkbox Component should have no accessibility violations" name="Design System Accessibility (WCAG 2.1 AA) Checkbox Component should have no accessibility violations" time="0.023">
    </testcase>
    <testcase classname="Design System Accessibility (WCAG 2.1 AA) Card Component should have no accessibility violations" name="Design System Accessibility (WCAG 2.1 AA) Card Component should have no accessibility violations" time="0.02">
    </testcase>
    <testcase classname="Design System Accessibility (WCAG 2.1 AA) Badge Component should have no accessibility violations" name="Design System Accessibility (WCAG 2.1 AA) Badge Component should have no accessibility violations" time="0.013">
    </testcase>
    <testcase classname="Design System Accessibility (WCAG 2.1 AA) Divider Component should have no accessibility violations" name="Design System Accessibility (WCAG 2.1 AA) Divider Component should have no accessibility violations" time="0.015">
    </testcase>
    <testcase classname="Design System Accessibility (WCAG 2.1 AA) Keyboard Navigation interactive elements should be keyboard accessible" name="Design System Accessibility (WCAG 2.1 AA) Keyboard Navigation interactive elements should be keyboard accessible" time="0.018">
    </testcase>
    <testcase classname="Design System Accessibility (WCAG 2.1 AA) Screen Reader Compatibility should have proper ARIA labels and roles" name="Design System Accessibility (WCAG 2.1 AA) Screen Reader Compatibility should have proper ARIA labels and roles" time="0.016">
    </testcase>
  </testsuite>
</testsuites>