<?xml version="1.0" encoding="UTF-8"?>
<testsuites name="jest tests" tests="11" failures="0" errors="0" time="3.301">
  <testsuite name="Design System Accessibility (WCAG 2.1 AA)" errors="0" failures="0" skipped="1" timestamp="2026-06-14T09:06:32" time="2.562" tests="11">
    <testcase classname="Design System Accessibility (WCAG 2.1 AA) Button Component should have no accessibility violations in default state" name="Design System Accessibility (WCAG 2.1 AA) Button Component should have no accessibility violations in default state" time="0.187">
    </testcase>
    <testcase classname="Design System Accessibility (WCAG 2.1 AA) Button Component should have no violations when disabled" name="Design System Accessibility (WCAG 2.1 AA) Button Component should have no violations when disabled" time="0.02">
    </testcase>
    <testcase classname="Design System Accessibility (WCAG 2.1 AA) Button Component should have no violations when loading" name="Design System Accessibility (WCAG 2.1 AA) Button Component should have no violations when loading" time="0">
      <skipped/>
    </testcase>
    <testcase classname="Design System Accessibility (WCAG 2.1 AA) Alert Component should have no accessibility violations" name="Design System Accessibility (WCAG 2.1 AA) Alert Component should have no accessibility violations" time="0.015">
    </testcase>
    <testcase classname="Design System Accessibility (WCAG 2.1 AA) Alert Component should have proper ARIA roles for different variants" name="Design System Accessibility (WCAG 2.1 AA) Alert Component should have proper ARIA roles for different variants" time="0.105">
    </testcase>
    <testcase classname="Design System Accessibility (WCAG 2.1 AA) Checkbox Component should have no accessibility violations" name="Design System Accessibility (WCAG 2.1 AA) Checkbox Component should have no accessibility violations" time="0.023">
    </testcase>
    <testcase classname="Design System Accessibility (WCAG 2.1 AA) Card Component should have no accessibility violations" name="Design System Accessibility (WCAG 2.1 AA) Card Component should have no accessibility violations" time="0.023">
    </testcase>
    <testcase classname="Design System Accessibility (WCAG 2.1 AA) Badge Component should have no accessibility violations" name="Design System Accessibility (WCAG 2.1 AA) Badge Component should have no accessibility violations" time="0.01">
    </testcase>
    <testcase classname="Design System Accessibility (WCAG 2.1 AA) Divider Component should have no accessibility violations" name="Design System Accessibility (WCAG 2.1 AA) Divider Component should have no accessibility violations" time="0.01">
    </testcase>
    <testcase classname="Design System Accessibility (WCAG 2.1 AA) Keyboard Navigation interactive elements should be keyboard accessible" name="Design System Accessibility (WCAG 2.1 AA) Keyboard Navigation interactive elements should be keyboard accessible" time="0.021">
    </testcase>
    <testcase classname="Design System Accessibility (WCAG 2.1 AA) Screen Reader Compatibility should have proper ARIA labels and roles" name="Design System Accessibility (WCAG 2.1 AA) Screen Reader Compatibility should have proper ARIA labels and roles" time="0.018">
    </testcase>
  </testsuite>
</testsuites>